{
  "RSpec": {
    "coverage": {
      "/cs/fs2/home/greatman/Documents/school/Ruby on Rails Web-palvelin ohjelmointi/ratebeer/app/models/rating.rb": [
        1,
        null,
        1,
        1,
        null,
        1,
        null,
        null,
        null,
        1,
        null,
        36,
        null,
        null,
        null
      ],
      "/cs/fs2/home/greatman/Documents/school/Ruby on Rails Web-palvelin ohjelmointi/ratebeer/app/helpers/application_helper.rb": [
        1,
        null
      ],
      "/cs/fs2/home/greatman/Documents/school/Ruby on Rails Web-palvelin ohjelmointi/ratebeer/app/helpers/beers_helper.rb": [
        1,
        null
      ],
      "/cs/fs2/home/greatman/Documents/school/Ruby on Rails Web-palvelin ohjelmointi/ratebeer/app/helpers/breweries_helper.rb": [
        1,
        null
      ],
      "/cs/fs2/home/greatman/Documents/school/Ruby on Rails Web-palvelin ohjelmointi/ratebeer/app/helpers/users_helper.rb": [
        1,
        null
      ],
      "/cs/fs2/home/greatman/Documents/school/Ruby on Rails Web-palvelin ohjelmointi/ratebeer/app/models/beer.rb": [
        1,
        null,
        1,
        null,
        1,
        1,
        1,
        null,
        1,
        1,
        null,
        null,
        null,
        null,
        null,
        null,
        null,
        null,
        null,
        null,
        null,
        1,
        0,
        0,
        null,
        null,
        1,
        2,
        null,
        null
      ],
      "/cs/fs2/home/greatman/Documents/school/Ruby on Rails Web-palvelin ohjelmointi/ratebeer/lib/rating_average.rb": [
        1,
        1,
        14,
        null,
        null
      ],
      "/cs/fs2/home/greatman/Documents/school/Ruby on Rails Web-palvelin ohjelmointi/ratebeer/app/models/brewery.rb": [
        1,
        null,
        1,
        null,
        1,
        1,
        null,
        1,
        1,
        null,
        null,
        null,
        1,
        0,
        0,
        0,
        null,
        null,
        1,
        0,
        0,
        null,
        null,
        null,
        null,
        null,
        null,
        null
      ],
      "/cs/fs2/home/greatman/Documents/school/Ruby on Rails Web-palvelin ohjelmointi/ratebeer/app/models/user.rb": [
        1,
        1,
        null,
        null,
        null,
        1,
        1,
        1,
        null,
        1,
        null,
        null,
        1,
        null,
        1,
        null,
        1,
        3,
        null,
        null,
        null,
        2,
        null,
        null,
        1,
        null,
        0,
        null,
        null,
        null
      ],
      "/cs/fs2/home/greatman/Documents/school/Ruby on Rails Web-palvelin ohjelmointi/ratebeer/app/controllers/sessions_controller.rb": [
        1,
        null,
        1,
        null,
        null,
        null,
        1,
        19,
        19,
        18,
        18,
        null,
        1,
        null,
        null,
        null,
        1,
        null,
        0,
        null,
        null,
        0,
        null,
        null,
        null,
        null
      ],
      "/cs/fs2/home/greatman/Documents/school/Ruby on Rails Web-palvelin ohjelmointi/ratebeer/app/controllers/application_controller.rb": [
        1,
        null,
        null,
        1,
        null,
        null,
        1,
        null,
        1,
        188,
        163,
        null,
        null,
        1,
        5,
        null,
        null,
        null
      ],
      "/cs/fs2/home/greatman/Documents/school/Ruby on Rails Web-palvelin ohjelmointi/ratebeer/app/controllers/users_controller.rb": [
        1,
        1,
        null,
        null,
        null,
        1,
        1,
        null,
        null,
        null,
        null,
        1,
        null,
        null,
        null,
        1,
        1,
        null,
        null,
        null,
        1,
        null,
        null,
        null,
        null,
        1,
        1,
        null,
        1,
        1,
        2,
        1,
        null,
        0,
        0,
        null,
        null,
        null,
        null,
        1,
        0,
        0,
        0,
        0,
        null,
        0,
        0,
        null,
        null,
        null,
        null,
        1,
        0,
        0,
        0,
        0,
        0,
        0,
        null,
        0,
        null,
        null,
        null,
        null,
        null,
        null,
        null,
        null,
        null,
        null,
        null,
        null,
        null,
        1,
        null,
        1,
        33,
        null,
        null,
        null,
        1,
        1,
        null,
        null,
        null
      ],
      "/cs/fs2/home/greatman/Documents/school/Ruby on Rails Web-palvelin ohjelmointi/ratebeer/app/controllers/beers_controller.rb": [
        1,
        1,
        1,
        1,
        null,
        null,
        null,
        1,
        1,
        null,
        null,
        null,
        null,
        1,
        null,
        null,
        null,
        1,
        3,
        null,
        null,
        null,
        1,
        null,
        null,
        null,
        null,
        null,
        null,
        null,
        null,
        null,
        null,
        null,
        1,
        2,
        2,
        2,
        2,
        1,
        null,
        2,
        1,
        null,
        null,
        null,
        null,
        null,
        null,
        1,
        0,
        0,
        0,
        0,
        null,
        0,
        0,
        null,
        null,
        null,
        null,
        null,
        null,
        1,
        0,
        0,
        0,
        0,
        null,
        null,
        null,
        1,
        null,
        1,
        0,
        null,
        null,
        null,
        1,
        2,
        null,
        null,
        1,
        5,
        5,
        null,
        null
      ],
      "/cs/fs2/home/greatman/Documents/school/Ruby on Rails Web-palvelin ohjelmointi/ratebeer/app/controllers/breweries_controller.rb": [
        1,
        1,
        1,
        null,
        null,
        null,
        1,
        3,
        null,
        null,
        null,
        null,
        1,
        null,
        null,
        null,
        1,
        0,
        null,
        null,
        null,
        1,
        null,
        null,
        null,
        null,
        1,
        0,
        null,
        0,
        0,
        0,
        0,
        null,
        0,
        0,
        null,
        null,
        null,
        null,
        null,
        null,
        1,
        0,
        0,
        0,
        0,
        null,
        0,
        0,
        null,
        null,
        null,
        null,
        null,
        null,
        1,
        0,
        0,
        0,
        0,
        null,
        null,
        null,
        1,
        null,
        1,
        1,
        null,
        null,
        null,
        1,
        0,
        null,
        null
      ],
      "/cs/fs2/home/greatman/Documents/school/Ruby on Rails Web-palvelin ohjelmointi/ratebeer/app/controllers/ratings_controller.rb": [
        1,
        1,
        3,
        null,
        null,
        1,
        1,
        1,
        null,
        null,
        1,
        1,
        null,
        1,
        1,
        1,
        null,
        0,
        0,
        null,
        null,
        null,
        1,
        4,
        4,
        4,
        null,
        null
      ]
    },
    "timestamp": 1423491233
  }
}
