{
  "RSpec": {
    "coverage": {
      "/cs/fs2/home/greatman/Documents/school/Ruby on Rails Web-palvelin ohjelmointi/ratebeer/app/models/rating.rb": [
        1,
        null,
        1,
        1,
        null,
        1,
        null,
        null,
        null,
        1,
        4,
        1,
        null,
        1,
        null,
        22,
        null,
        null,
        1,
        17,
        null,
        null,
        null
      ],
      "/cs/fs2/home/greatman/Documents/school/Ruby on Rails Web-palvelin ohjelmointi/ratebeer/app/helpers/application_helper.rb": [
        1,
        1,
        0,
        0,
        0,
        null,
        0,
        null,
        null,
        null,
        1,
        9,
        null,
        null,
        null
      ],
      "/cs/fs2/home/greatman/Documents/school/Ruby on Rails Web-palvelin ohjelmointi/ratebeer/app/helpers/beer_clubs_helper.rb": [
        1,
        null
      ],
      "/cs/fs2/home/greatman/Documents/school/Ruby on Rails Web-palvelin ohjelmointi/ratebeer/app/helpers/beers_helper.rb": [
        1,
        null
      ],
      "/cs/fs2/home/greatman/Documents/school/Ruby on Rails Web-palvelin ohjelmointi/ratebeer/app/helpers/breweries_helper.rb": [
        1,
        null
      ],
      "/cs/fs2/home/greatman/Documents/school/Ruby on Rails Web-palvelin ohjelmointi/ratebeer/app/helpers/memberships_helper.rb": [
        1,
        null
      ],
      "/cs/fs2/home/greatman/Documents/school/Ruby on Rails Web-palvelin ohjelmointi/ratebeer/app/helpers/users_helper.rb": [
        1,
        null
      ],
      "/cs/fs2/home/greatman/Documents/school/Ruby on Rails Web-palvelin ohjelmointi/ratebeer/app/controllers/beer_clubs_controller.rb": [
        1,
        1,
        null,
        null,
        null,
        1,
        1,
        null,
        null,
        null,
        null,
        1,
        null,
        null,
        null,
        1,
        1,
        null,
        null,
        null,
        1,
        null,
        null,
        null,
        null,
        1,
        0,
        null,
        0,
        0,
        0,
        0,
        null,
        0,
        0,
        null,
        null,
        null,
        null,
        null,
        null,
        1,
        0,
        0,
        0,
        0,
        null,
        0,
        0,
        null,
        null,
        null,
        null,
        null,
        null,
        1,
        0,
        0,
        0,
        0,
        null,
        null,
        null,
        1,
        null,
        1,
        0,
        null,
        null,
        null,
        1,
        0,
        null,
        null
      ],
      "/cs/fs2/home/greatman/Documents/school/Ruby on Rails Web-palvelin ohjelmointi/ratebeer/app/controllers/application_controller.rb": [
        1,
        null,
        null,
        1,
        null,
        null,
        1,
        null,
        1,
        231,
        197,
        null,
        null,
        1,
        0,
        0,
        0,
        null,
        null,
        1,
        5,
        null,
        null,
        null
      ],
      "/cs/fs2/home/greatman/Documents/school/Ruby on Rails Web-palvelin ohjelmointi/ratebeer/app/controllers/memberships_controller.rb": [
        1,
        1,
        null,
        null,
        null,
        1,
        1,
        null,
        null,
        null,
        null,
        1,
        null,
        null,
        null,
        1,
        1,
        1,
        null,
        null,
        null,
        1,
        null,
        null,
        null,
        null,
        1,
        0,
        0,
        null,
        0,
        0,
        0,
        0,
        null,
        0,
        0,
        null,
        null,
        null,
        null,
        null,
        null,
        1,
        0,
        0,
        0,
        0,
        null,
        0,
        0,
        null,
        null,
        null,
        null,
        null,
        null,
        1,
        0,
        0,
        0,
        0,
        null,
        null,
        null,
        1,
        null,
        1,
        0,
        null,
        null,
        null,
        1,
        0,
        null,
        null
      ],
      "/cs/fs2/home/greatman/Documents/school/Ruby on Rails Web-palvelin ohjelmointi/ratebeer/app/models/beer_club.rb": [
        1,
        null,
        1,
        null,
        1,
        0,
        null,
        null,
        null
      ],
      "/cs/fs2/home/greatman/Documents/school/Ruby on Rails Web-palvelin ohjelmointi/ratebeer/app/models/beer.rb": [
        1,
        null,
        1,
        null,
        1,
        1,
        1,
        null,
        1,
        1,
        null,
        null,
        null,
        null,
        null,
        null,
        null,
        null,
        null,
        null,
        null,
        1,
        9,
        null,
        null,
        1,
        0,
        0,
        null,
        null,
        1,
        2,
        null,
        null,
        null
      ],
      "/cs/fs2/home/greatman/Documents/school/Ruby on Rails Web-palvelin ohjelmointi/ratebeer/lib/rating_average.rb": [
        1,
        1,
        32,
        null,
        null
      ],
      "/cs/fs2/home/greatman/Documents/school/Ruby on Rails Web-palvelin ohjelmointi/ratebeer/app/models/brewery.rb": [
        1,
        null,
        1,
        null,
        1,
        1,
        null,
        1,
        1,
        37,
        null,
        null,
        4,
        4,
        null,
        1,
        0,
        0,
        0,
        null,
        null,
        1,
        0,
        0,
        null,
        null,
        1,
        6,
        null,
        null,
        null,
        null,
        null,
        null,
        null,
        null
      ],
      "/cs/fs2/home/greatman/Documents/school/Ruby on Rails Web-palvelin ohjelmointi/ratebeer/app/models/membership.rb": [
        1,
        null,
        1,
        1,
        null,
        null
      ],
      "/cs/fs2/home/greatman/Documents/school/Ruby on Rails Web-palvelin ohjelmointi/ratebeer/app/models/user.rb": [
        1,
        1,
        null,
        null,
        null,
        null,
        1,
        1,
        1,
        1,
        null,
        1,
        null,
        null,
        1,
        null,
        1,
        null,
        1,
        12,
        null,
        null,
        1,
        0,
        0,
        null,
        null,
        0,
        null,
        null,
        0,
        null,
        null,
        null,
        1,
        0,
        0,
        null,
        null,
        0,
        null,
        null,
        0,
        0,
        null,
        null,
        1,
        0,
        null,
        null,
        1,
        0,
        null,
        null,
        1,
        0,
        0,
        null,
        0,
        null,
        null,
        1,
        0,
        0,
        null,
        0,
        null,
        null,
        null,
        null,
        null,
        1,
        0,
        null,
        null,
        1,
        0,
        0,
        null,
        0,
        null,
        null,
        null,
        null,
        null,
        null,
        null,
        null,
        null,
        null,
        null,
        null,
        null,
        null,
        null,
        null,
        null,
        null,
        null,
        null,
        null,
        null,
        null,
        null
      ],
      "/cs/fs2/home/greatman/Documents/school/Ruby on Rails Web-palvelin ohjelmointi/ratebeer/app/controllers/sessions_controller.rb": [
        1,
        null,
        1,
        null,
        null,
        null,
        1,
        19,
        19,
        18,
        0,
        0,
        null,
        18,
        18,
        null,
        1,
        null,
        null,
        null,
        1,
        null,
        0,
        null,
        null,
        0,
        null,
        null,
        null,
        null
      ],
      "/cs/fs2/home/greatman/Documents/school/Ruby on Rails Web-palvelin ohjelmointi/ratebeer/app/controllers/users_controller.rb": [
        1,
        1,
        null,
        null,
        null,
        1,
        1,
        null,
        null,
        null,
        null,
        1,
        null,
        null,
        null,
        1,
        1,
        null,
        null,
        null,
        1,
        null,
        null,
        null,
        null,
        1,
        1,
        null,
        1,
        1,
        2,
        1,
        null,
        0,
        0,
        null,
        null,
        null,
        null,
        1,
        0,
        0,
        0,
        0,
        null,
        0,
        0,
        null,
        null,
        null,
        null,
        1,
        0,
        0,
        0,
        0,
        0,
        0,
        null,
        0,
        null,
        null,
        null,
        null,
        null,
        null,
        null,
        null,
        null,
        null,
        null,
        null,
        null,
        1,
        null,
        1,
        33,
        null,
        null,
        null,
        1,
        1,
        null,
        null,
        null
      ],
      "/cs/fs2/home/greatman/Documents/school/Ruby on Rails Web-palvelin ohjelmointi/ratebeer/app/controllers/beers_controller.rb": [
        1,
        1,
        1,
        1,
        null,
        null,
        null,
        1,
        1,
        null,
        null,
        null,
        null,
        1,
        null,
        null,
        null,
        1,
        3,
        null,
        null,
        null,
        1,
        null,
        null,
        null,
        null,
        null,
        null,
        null,
        null,
        null,
        null,
        null,
        1,
        2,
        2,
        2,
        2,
        1,
        null,
        2,
        1,
        null,
        null,
        null,
        null,
        null,
        null,
        1,
        0,
        0,
        0,
        0,
        null,
        0,
        0,
        null,
        null,
        null,
        null,
        null,
        null,
        1,
        0,
        0,
        0,
        0,
        null,
        null,
        null,
        1,
        null,
        1,
        0,
        null,
        null,
        null,
        1,
        2,
        null,
        null,
        1,
        5,
        5,
        null,
        null
      ],
      "/cs/fs2/home/greatman/Documents/school/Ruby on Rails Web-palvelin ohjelmointi/ratebeer/app/controllers/breweries_controller.rb": [
        1,
        1,
        1,
        null,
        null,
        null,
        1,
        null,
        null,
        null,
        3,
        3,
        null,
        null,
        null,
        null,
        1,
        null,
        null,
        null,
        1,
        0,
        null,
        null,
        null,
        1,
        null,
        null,
        null,
        null,
        1,
        0,
        null,
        0,
        0,
        0,
        0,
        null,
        0,
        0,
        null,
        null,
        null,
        null,
        null,
        null,
        1,
        0,
        0,
        0,
        0,
        null,
        0,
        0,
        null,
        null,
        null,
        null,
        null,
        null,
        1,
        0,
        0,
        0,
        0,
        null,
        null,
        null,
        1,
        0,
        0,
        null,
        0,
        null,
        0,
        null,
        null,
        1,
        null,
        1,
        1,
        null,
        null,
        null,
        1,
        0,
        null,
        null,
        null,
        null
      ],
      "/cs/fs2/home/greatman/Documents/school/Ruby on Rails Web-palvelin ohjelmointi/ratebeer/lib/beermapping_api.rb": [
        1,
        1,
        4,
        8,
        null,
        null,
        1,
        4,
        null,
        4,
        4,
        null,
        4,
        null,
        3,
        3,
        11,
        null,
        null,
        null,
        1,
        4,
        null,
        null
      ],
      "/cs/fs2/home/greatman/Documents/school/Ruby on Rails Web-palvelin ohjelmointi/ratebeer/app/models/place.rb": [
        1,
        1,
        null,
        1,
        null,
        1,
        6,
        null,
        null
      ],
      "/cs/fs2/home/greatman/Documents/school/Ruby on Rails Web-palvelin ohjelmointi/ratebeer/app/controllers/places_controller.rb": [
        1,
        null,
        1,
        null,
        null,
        1,
        3,
        3,
        1,
        null,
        2,
        null,
        null,
        null,
        null
      ],
      "/cs/fs2/home/greatman/Documents/school/Ruby on Rails Web-palvelin ohjelmointi/ratebeer/app/controllers/ratings_controller.rb": [
        1,
        1,
        3,
        3,
        3,
        3,
        3,
        null,
        null,
        1,
        1,
        null,
        1,
        1,
        null,
        null,
        1,
        1,
        null,
        1,
        1,
        1,
        null,
        0,
        0,
        null,
        null,
        null,
        1,
        4,
        4,
        4,
        null,
        null,
        null
      ]
    },
    "timestamp": 1425206296
  }
}
